<?xml version="1.0" encoding="UTF-8"?>
<!-- Generated by org.testng.reporters.JUnitReportReporter -->
<testsuite hostname="DESKTOP-MI5MEBA" failures="0" tests="3" name="com.testng.TestNGWebdriver" time="6.484" errors="0" timestamp="2024-10-16T19:51:10 IST" skipped="0">
  <testcase classname="com.testng.TestNGWebdriver" name="enterUsername" time="2.174"/>
  <system-out/>
  <testcase classname="com.testng.TestNGWebdriver" name="enterPassword" time="2.145"/>
  <system-out/>
  <testcase classname="com.testng.TestNGWebdriver" name="clickLogin" time="2.165"/>
  <system-out/>
</testsuite> <!-- com.testng.TestNGWebdriver -->
