<?xml version="1.0" encoding="UTF-8"?>
<!-- Generated by org.testng.reporters.JUnitReportReporter -->
<testsuite hostname="JGPATEL" failures="0" tests="4" name="com.testng.TestNGGroup" time="0.010" errors="0" timestamp="2024-08-21T10:53:27 IST" skipped="0">
  <testcase classname="com.testng.TestNGGroup" name="red1" time="0.001"/>
  <system-out/>
  <testcase classname="com.testng.TestNGGroup" name="red2" time="0.001"/>
  <system-out/>
  <testcase classname="com.testng.TestNGGroup" name="red3" time="0.001"/>
  <system-out/>
  <testcase classname="com.testng.TestNGGroup" name="greenandred" time="0.007"/>
  <system-out/>
</testsuite> <!-- com.testng.TestNGGroup -->
