<?xml version="1.0" encoding="UTF-8"?>
<!-- Generated by org.testng.reporters.JUnitReportReporter -->
<testsuite hostname="DESKTOP-MI5MEBA" failures="0" tests="7" name="com.testng.TestNGGroup" time="0.042" errors="0" timestamp="2024-10-08T02:14:50 IST" skipped="0">
  <testcase classname="com.testng.TestNGGroup" name="red2" time="0.001"/>
  <system-out/>
  <testcase classname="com.testng.TestNGGroup" name="red3" time="0.002"/>
  <system-out/>
  <testcase classname="com.testng.TestNGGroup" name="green1" time="0.028"/>
  <system-out/>
  <testcase classname="com.testng.TestNGGroup" name="green3" time="0.004"/>
  <system-out/>
  <testcase classname="com.testng.TestNGGroup" name="greenandred" time="0.002"/>
  <system-out/>
  <testcase classname="com.testng.TestNGGroup" name="green2" time="0.004"/>
  <system-out/>
  <testcase classname="com.testng.TestNGGroup" name="red1" time="0.001"/>
  <system-out/>
</testsuite> <!-- com.testng.TestNGGroup -->
