<?xml version="1.0" encoding="UTF-8"?>
<!-- Generated by org.testng.reporters.JUnitReportReporter -->
<testsuite hostname="DESKTOP-MI5MEBA" failures="0" tests="4" name="com.testng.SecondDemo" time="0.025" errors="0" timestamp="2024-10-08T02:12:40 IST" skipped="0">
  <testcase classname="com.testng.SecondDemo" name="fest" time="0.015"/>
  <system-out/>
  <testcase classname="com.testng.SecondDemo" name="nest" time="0.004"/>
  <system-out/>
  <testcase classname="com.testng.SecondDemo" name="best" time="0.004"/>
  <system-out/>
  <testcase classname="com.testng.SecondDemo" name="test" time="0.002"/>
  <system-out/>
</testsuite> <!-- com.testng.SecondDemo -->
