<?xml version="1.0" encoding="UTF-8"?>
<!-- Generated by org.testng.reporters.JUnitReportReporter -->
<testsuite hostname="DESKTOP-MI5MEBA" failures="0" tests="5" name="com.testng.TestngDepends" time="15.146" errors="0" timestamp="2024-10-08T02:21:16 IST" skipped="0">
  <testcase classname="com.testng.TestngDepends" name="enterPassword" time="2.142"/>
  <system-out/>
  <testcase classname="com.testng.TestngDepends" name="clickLogin" time="2.160"/>
  <system-out/>
  <testcase classname="com.testng.TestngDepends" name="before" time="6.445"/>
  <system-out/>
  <testcase classname="com.testng.TestngDepends" name="enterUsername" time="2.187"/>
  <system-out/>
  <testcase classname="com.testng.TestngDepends" name="after" time="2.212"/>
  <system-out/>
</testsuite> <!-- com.testng.TestngDepends -->
