<?xml version="1.0" encoding="UTF-8"?>
<!-- Generated by org.testng.reporters.JUnitReportReporter -->
<testsuite hostname="DESKTOP-MI5MEBA" failures="0" tests="2" name="com.testng.TestNGAnnotation" time="0.018" errors="0" timestamp="2024-10-08T02:13:37 IST" skipped="0">
  <testcase classname="com.testng.TestNGAnnotation" name="test1" time="0.005"/>
  <system-out/>
  <testcase classname="com.testng.TestNGAnnotation" name="test" time="0.013"/>
  <system-out/>
</testsuite> <!-- com.testng.TestNGAnnotation -->
