<?xml version="1.0" encoding="UTF-8"?>
<!-- Generated by org.testng.reporters.JUnitReportReporter -->
<testsuite hostname="JGPATEL" failures="0" tests="5" name="com.testng.TestngDepends" time="14.932" errors="0" timestamp="2024-08-21T10:26:08 IST" skipped="0">
  <testcase classname="com.testng.TestngDepends" name="enterUsername" time="2.145"/>
  <system-out/>
  <testcase classname="com.testng.TestngDepends" name="clickLogin" time="2.141"/>
  <system-out/>
  <testcase classname="com.testng.TestngDepends" name="enterPassword" time="2.247"/>
  <system-out/>
  <testcase classname="com.testng.TestngDepends" name="before" time="6.219"/>
  <system-out/>
  <testcase classname="com.testng.TestngDepends" name="after" time="2.180"/>
  <system-out/>
</testsuite> <!-- com.testng.TestngDepends -->
