<?xml version="1.0" encoding="UTF-8"?>
<!-- Generated by org.testng.reporters.JUnitReportReporter -->
<testsuite hostname="DESKTOP-MI5MEBA" failures="0" tests="4" name="com.testng.SecondDemo" time="0.033" errors="0" timestamp="2024-10-16T19:47:45 IST" skipped="0">
  <testcase classname="com.testng.SecondDemo" name="fest" time="0.017"/>
  <system-out/>
  <testcase classname="com.testng.SecondDemo" name="nest" time="0.005"/>
  <system-out/>
  <testcase classname="com.testng.SecondDemo" name="best" time="0.003"/>
  <system-out/>
  <testcase classname="com.testng.SecondDemo" name="test" time="0.008"/>
  <system-out/>
</testsuite> <!-- com.testng.SecondDemo -->
